-------------------------------------------------------------------------------
Test set: com.training.nagarro.DockerAndKubernatesDemoApplicationTests
-------------------------------------------------------------------------------
Tests run: 1, Failures: 0, Errors: 1, Skipped: 0, Time elapsed: 0.324 s <<< FAILURE! - in com.training.nagarro.DockerAndKubernatesDemoApplicationTests
com.training.nagarro.DockerAndKubernatesDemoApplicationTests  Time elapsed: 0.321 s  <<< ERROR!
java.lang.IllegalStateException: Unable to find a @SpringBootConfiguration, you need to use @ContextConfiguration or @SpringBootTest(classes=...) with your test

